

*******************************************************************************
Fri Dec 11 17:14:12 2020


FIT:    data read from 'fichierDistributionDegree_Default.dat' using (log($1)):(log($2))
        format = x:z
        #datapoints = 199
        residuals are weighted equally (unit weight)

function used for fitting: f(x)
	f(x) = lc - gamma * x
fitted parameters initialized with current variable values

iter      chisq       delta/lim  lambda   lc            gamma        
   0 7.9039213112e+03   0.00e+00  3.22e+00    1.000000e+00   1.000000e+00
   4 7.3562572818e+01  -1.58e-08  3.22e-04    2.342979e+00   2.705555e+00

After 4 iterations the fit converged.
final sum of squares of residuals : 73.5626
rel. change during last iteration : -1.58215e-13

degrees of freedom    (FIT_NDF)                        : 197
rms of residuals      (FIT_STDFIT) = sqrt(WSSR/ndf)    : 0.611076
variance of residuals (reduced chisquare) = WSSR/ndf   : 0.373414

Final set of parameters            Asymptotic Standard Error
=======================            ==========================
lc              = 2.34298          +/- 0.1971       (8.414%)
gamma           = 2.70556          +/- 0.04438      (1.64%)

correlation matrix of the fit parameters:
                lc     gamma  
lc              1.000 
gamma           0.976  1.000 


*******************************************************************************
Fri Dec 11 17:14:27 2020


FIT:    data read from 'fichierDistributionDegree_Barabasi.dat' using (log($1)):(log($2))
        format = x:z
        #datapoints = 311
        residuals are weighted equally (unit weight)

function used for fitting: f(x)
	f(x) = lc - gamma * x
fitted parameters initialized with current variable values

iter      chisq       delta/lim  lambda   lc            gamma        
   0 3.8628628707e+02   0.00e+00  9.71e+00    2.342979e+00   2.705555e+00
   4 2.3527822058e+02  -1.93e-08  9.71e-04   -1.051638e-01   2.141244e+00

After 4 iterations the fit converged.
final sum of squares of residuals : 235.278
rel. change during last iteration : -1.9316e-13

degrees of freedom    (FIT_NDF)                        : 309
rms of residuals      (FIT_STDFIT) = sqrt(WSSR/ndf)    : 0.872593
variance of residuals (reduced chisquare) = WSSR/ndf   : 0.761418

Final set of parameters            Asymptotic Standard Error
=======================            ==========================
lc              = -0.105164        +/- 0.2226       (211.7%)
gamma           = 2.14124          +/- 0.04451      (2.079%)

correlation matrix of the fit parameters:
                lc     gamma  
lc              1.000 
gamma           0.975  1.000 


*******************************************************************************
Fri Dec 11 17:14:34 2020


FIT:    data read from 'fichierDistributionDegree_Random.dat' using (log($1)):(log($2))
        format = x:z
        #datapoints = 21
        residuals are weighted equally (unit weight)

function used for fitting: f(x)
	f(x) = lc - gamma * x
fitted parameters initialized with current variable values

iter      chisq       delta/lim  lambda   lc            gamma        
   0 1.4221919758e+02   0.00e+00  3.49e+00   -1.051638e-01   2.141244e+00
   4 1.3825329888e+02  -1.09e-01  3.49e-04    1.219888e-01   2.419283e+00

After 4 iterations the fit converged.
final sum of squares of residuals : 138.253
rel. change during last iteration : -1.08818e-06

degrees of freedom    (FIT_NDF)                        : 19
rms of residuals      (FIT_STDFIT) = sqrt(WSSR/ndf)    : 2.6975
variance of residuals (reduced chisquare) = WSSR/ndf   : 7.27649

Final set of parameters            Asymptotic Standard Error
=======================            ==========================
lc              = 0.121989         +/- 1.699        (1393%)
gamma           = 2.41928          +/- 0.7377       (30.49%)

correlation matrix of the fit parameters:
                lc     gamma  
lc              1.000 
gamma           0.938  1.000 


*******************************************************************************
Fri Dec 11 17:14:44 2020


FIT:    data read from 'fichierDistributionDistance_Barabasi.dat' using (log($1)):(log($2))
        format = x:z
        #datapoints = 9
        residuals are weighted equally (unit weight)

function used for fitting: f(x)
	f(x) = lc - gamma * x
fitted parameters initialized with current variable values

iter      chisq       delta/lim  lambda   lc            gamma        
   0 2.1760188309e+02   0.00e+00  2.70e+00    1.219888e-01   2.419283e+00
   5 1.1864021099e+02  -3.09e-06  2.70e-05   -7.418429e+00  -1.466809e+00

After 5 iterations the fit converged.
final sum of squares of residuals : 118.64
rel. change during last iteration : -3.09004e-11

degrees of freedom    (FIT_NDF)                        : 7
rms of residuals      (FIT_STDFIT) = sqrt(WSSR/ndf)    : 4.11687
variance of residuals (reduced chisquare) = WSSR/ndf   : 16.9486

Final set of parameters            Asymptotic Standard Error
=======================            ==========================
lc              = -7.41843         +/- 3.189        (42.99%)
gamma           = -1.46681         +/- 2.024        (138%)

correlation matrix of the fit parameters:
                lc     gamma  
lc              1.000 
gamma           0.903  1.000 


*******************************************************************************
Fri Dec 11 17:14:48 2020


FIT:    data read from 'fichierDistributionDistance_Random.dat' using (log($1)):(log($2))
        format = x:z
        #datapoints = 11
        residuals are weighted equally (unit weight)

function used for fitting: f(x)
	f(x) = lc - gamma * x
fitted parameters initialized with current variable values

iter      chisq       delta/lim  lambda   lc            gamma        
   0 1.8158212432e+02   0.00e+00  5.55e+00   -7.418429e+00  -1.466809e+00
   3 1.7119237980e+02  -3.02e-03  5.55e-03   -8.223489e+00  -1.363711e+00

After 3 iterations the fit converged.
final sum of squares of residuals : 171.192
rel. change during last iteration : -3.02014e-08

degrees of freedom    (FIT_NDF)                        : 9
rms of residuals      (FIT_STDFIT) = sqrt(WSSR/ndf)    : 4.36135
variance of residuals (reduced chisquare) = WSSR/ndf   : 19.0214

Final set of parameters            Asymptotic Standard Error
=======================            ==========================
lc              = -8.22349         +/- 3.225        (39.22%)
gamma           = -1.36371         +/- 1.851        (135.7%)

correlation matrix of the fit parameters:
                lc     gamma  
lc              1.000 
gamma           0.913  1.000 


*******************************************************************************
Fri Dec 11 17:15:23 2020


FIT:    data read from 'fichierDistributionDistance_Default.dat' using (log($1)):(log($2))
        format = x:z
        #datapoints = 21
        residuals are weighted equally (unit weight)

function used for fitting: f(x)
	f(x) = lc - gamma * x
fitted parameters initialized with current variable values

iter      chisq       delta/lim  lambda   lc            gamma        
   0 4.2434790658e+02   0.00e+00  6.22e+00   -8.223489e+00  -1.363711e+00
   4 1.2185545284e+02  -1.37e-07  6.22e-04   -7.337469e+00   6.393031e-01

After 4 iterations the fit converged.
final sum of squares of residuals : 121.855
rel. change during last iteration : -1.37122e-12

degrees of freedom    (FIT_NDF)                        : 19
rms of residuals      (FIT_STDFIT) = sqrt(WSSR/ndf)    : 2.53248
variance of residuals (reduced chisquare) = WSSR/ndf   : 6.41344

Final set of parameters            Asymptotic Standard Error
=======================            ==========================
lc              = -7.33747         +/- 1.595        (21.74%)
gamma           = 0.639303         +/- 0.6926       (108.3%)

correlation matrix of the fit parameters:
                lc     gamma  
lc              1.000 
gamma           0.938  1.000 
